[handleMsg]:  {
  key: {
    remoteJid: '573004430289@s.whatsapp.net',
    fromMe: false,
    id: '84BB539A247B7448BA',
    participant: undefined
  },
  messageTimestamp: 1724450736,
  pushName: 'Edúcate Para El Saber',
  broadcast: false,
  message: Message {
    extendedTextMessage: ExtendedTextMessage { text: 'hola', contextInfo: [ContextInfo] },
    messageContextInfo: MessageContextInfo {
      deviceListMetadata: [DeviceListMetadata],
      deviceListMetadataVersion: 2
    }
  },
  verifiedBizName: 'Edúcate Para El Saber',
  body: 'hola',
  from: '573004430289'
}
[QUEUE_SE_ENVIO]:  {
  ref: 'ans_f7dd48ad-9c75-4b59-92e4-f3c424f8fd18',
  keyword: 'key_d6d193ed-3655-4ba2-8878-8123df51e1aa',
  answer: '__capture_only_intended__',
  options: {
    media: null,
    buttons: [],
    capture: false,
    child: null,
    delay: 0,
    idle: null,
    ref: null,
    nested: [],
    keyword: {},
    callback: true
  },
  refSerialize: '8db7da0ba7dfed8641338a93b5299a32'
}
[handleMsg]:  {
  key: {
    remoteJid: '573004430289@s.whatsapp.net',
    fromMe: false,
    id: 'A6C12E60AE808FA169',
    participant: undefined
  },
  messageTimestamp: 1724450738,
  pushName: 'Edúcate Para El Saber',
  broadcast: false,
  message: Message {
    extendedTextMessage: ExtendedTextMessage { text: '2', contextInfo: [ContextInfo] },
    messageContextInfo: MessageContextInfo {
      deviceListMetadata: [DeviceListMetadata],
      deviceListMetadataVersion: 2
    }
  },
  verifiedBizName: 'Edúcate Para El Saber',
  body: '2',
  from: '573004430289'
}
[handleMsg]:  {
  key: {
    remoteJid: '573004430289@s.whatsapp.net',
    fromMe: false,
    id: 'FDDD5831B08B052223',
    participant: undefined
  },
  messageTimestamp: 1724450743,
  pushName: 'Edúcate Para El Saber',
  broadcast: false,
  message: Message {
    extendedTextMessage: ExtendedTextMessage { text: '1', contextInfo: [ContextInfo] },
    messageContextInfo: MessageContextInfo {
      deviceListMetadata: [DeviceListMetadata],
      deviceListMetadataVersion: 2
    }
  },
  verifiedBizName: 'Edúcate Para El Saber',
  body: '1',
  from: '573004430289'
}
