573004430289:ENCOLADO ans_c8e396ba-cbea-402b-bc1a-f0fdc9b65118
EJECUTANDO:ans_c8e396ba-cbea-402b-bc1a-f0fdc9b65118
573004430289:SUCCESS
573004430289:ENCOLADO ans_25643358-ded3-4827-8412-883aa471afdf
EJECUTANDO:ans_25643358-ded3-4827-8412-883aa471afdf
573004430289:SUCCESS
573008199360:ENCOLADO ans_c8e396ba-cbea-402b-bc1a-f0fdc9b65118
EJECUTANDO:ans_c8e396ba-cbea-402b-bc1a-f0fdc9b65118
573008199360:SUCCESS
573008199360:ENCOLADO ans_25643358-ded3-4827-8412-883aa471afdf
EJECUTANDO:ans_25643358-ded3-4827-8412-883aa471afdf
573008199360:SUCCESS
573008199360:ENCOLADO ans_62dc5fc0-49f0-4200-a45c-0bc78774ebac
EJECUTANDO:ans_62dc5fc0-49f0-4200-a45c-0bc78774ebac
573008199360:SUCCESS
573008199360:ENCOLADO ans_c8e396ba-cbea-402b-bc1a-f0fdc9b65118
EJECUTANDO:ans_c8e396ba-cbea-402b-bc1a-f0fdc9b65118
573008199360:SUCCESS
573008199360:ENCOLADO ans_c8e396ba-cbea-402b-bc1a-f0fdc9b65118
EJECUTANDO:ans_c8e396ba-cbea-402b-bc1a-f0fdc9b65118
573008199360:SUCCESS
573008199360:ENCOLADO ans_c8e396ba-cbea-402b-bc1a-f0fdc9b65118
EJECUTANDO:ans_c8e396ba-cbea-402b-bc1a-f0fdc9b65118
573008199360:SUCCESS
